Using pre-set license
Built from '2021.3/staging' branch; Version is '2021.3.16f1 (4016570cf34f) revision 4200023'; Using compiler version '192829333'; Build Type 'Release'
OS: 'Windows 11  (10.0.22621) 64bit Core' Language: 'en' Physical Memory: 16238 MB
BatchMode: 1, IsHumanControllingUs: 0, StartBugReporterOnCrash: 0, Is64bit: 1, IsPro: 1

COMMAND LINE ARGUMENTS:
C:\Program Files\Unity\Hub\Editor\2021.3.16f1\Editor\Unity.exe
-adb2
-batchMode
-noUpm
-name
AssetImportWorker0
-projectPath
C:/Users/jhein/Ungeared
-logFile
Logs/AssetImportWorker0.log
-srvPort
54219
Successfully changed project path to: C:/Users/jhein/Ungeared
C:/Users/jhein/Ungeared
[UnityMemory] Configuration Parameters - Can be set up in boot.config
    "memorysetup-bucket-allocator-granularity=16"
    "memorysetup-bucket-allocator-bucket-count=8"
    "memorysetup-bucket-allocator-block-size=33554432"
    "memorysetup-bucket-allocator-block-count=8"
    "memorysetup-main-allocator-block-size=16777216"
    "memorysetup-thread-allocator-block-size=16777216"
    "memorysetup-gfx-main-allocator-block-size=16777216"
    "memorysetup-gfx-thread-allocator-block-size=16777216"
    "memorysetup-cache-allocator-block-size=4194304"
    "memorysetup-typetree-allocator-block-size=2097152"
    "memorysetup-profiler-bucket-allocator-granularity=16"
    "memorysetup-profiler-bucket-allocator-bucket-count=8"
    "memorysetup-profiler-bucket-allocator-block-size=33554432"
    "memorysetup-profiler-bucket-allocator-block-count=8"
    "memorysetup-profiler-allocator-block-size=16777216"
    "memorysetup-profiler-editor-allocator-block-size=1048576"
    "memorysetup-temp-allocator-size-main=16777216"
    "memorysetup-job-temp-allocator-block-size=2097152"
    "memorysetup-job-temp-allocator-block-size-background=1048576"
    "memorysetup-job-temp-allocator-reduction-small-platforms=262144"
    "memorysetup-temp-allocator-size-background-worker=32768"
    "memorysetup-temp-allocator-size-job-worker=262144"
    "memorysetup-temp-allocator-size-preload-manager=33554432"
    "memorysetup-temp-allocator-size-nav-mesh-worker=65536"
    "memorysetup-temp-allocator-size-audio-worker=65536"
    "memorysetup-temp-allocator-size-cloud-worker=32768"
    "memorysetup-temp-allocator-size-gi-baking-worker=262144"
    "memorysetup-temp-allocator-size-gfx=262144"
Player connection [24004] Host "[IP] 10.3.100.230 [Port] 0 [Flags] 2 [Guid] 374666616 [EditorId] 374666616 [Version] 1048832 [Id] WindowsEditor(7,LAPTOP-PIF7GC3A) [Debug] 1 [PackageName] WindowsEditor [ProjectName] Editor" joined multi-casting on [225.0.0.222:54997]...

Player connection [24004] Host "[IP] 10.3.100.230 [Port] 0 [Flags] 2 [Guid] 374666616 [EditorId] 374666616 [Version] 1048832 [Id] WindowsEditor(7,LAPTOP-PIF7GC3A) [Debug] 1 [PackageName] WindowsEditor [ProjectName] Editor" joined alternative multi-casting on [225.0.0.222:34997]...

Refreshing native plugins compatible for Editor in 280.68 ms, found 3 plugins.
Preloading 0 native plugins for Editor in 0.00 ms.
Initialize engine version: 2021.3.16f1 (4016570cf34f)
[Subsystems] Discovering subsystems at path C:/Program Files/Unity/Hub/Editor/2021.3.16f1/Editor/Data/Resources/UnitySubsystems
[Subsystems] Discovering subsystems at path C:/Users/jhein/Ungeared/Assets
GfxDevice: creating device client; threaded=0; jobified=0
Direct3D:
    Version:  Direct3D 11.0 [level 11.1]
    Renderer: NVIDIA GeForce GTX 1050 Ti (ID=0x1c8c)
    Vendor:   NVIDIA
    VRAM:     4020 MB
    Driver:   31.0.15.2698
Initialize mono
Mono path[0] = 'C:/Program Files/Unity/Hub/Editor/2021.3.16f1/Editor/Data/Managed'
Mono path[1] = 'C:/Program Files/Unity/Hub/Editor/2021.3.16f1/Editor/Data/MonoBleedingEdge/lib/mono/unityjit-win32'
Mono config path = 'C:/Program Files/Unity/Hub/Editor/2021.3.16f1/Editor/Data/MonoBleedingEdge/etc'
Using monoOptions --debugger-agent=transport=dt_socket,embedding=1,server=y,suspend=n,address=127.0.0.1:56560
Begin MonoManager ReloadAssembly
Registering precompiled unity dll's ...
Register platform support module: C:/Program Files/Unity/Hub/Editor/2021.3.16f1/Editor/Data/PlaybackEngines/WindowsStandaloneSupport/UnityEditor.WindowsStandalone.Extensions.dll
Registered in 0.009018 seconds.
Native extension for WindowsStandalone target not found
Refreshing native plugins compatible for Editor in 133.72 ms, found 3 plugins.
Preloading 0 native plugins for Editor in 0.00 ms.
Mono: successfully reloaded assembly
- Completed reload, in  1.225 seconds
Domain Reload Profiling:
	ReloadAssembly (1226ms)
		BeginReloadAssembly (131ms)
			ExecutionOrderSort (0ms)
			DisableScriptedObjects (0ms)
			BackupInstance (0ms)
			ReleaseScriptingObjects (0ms)
			CreateAndSetChildDomain (1ms)
		EndReloadAssembly (880ms)
			LoadAssemblies (127ms)
			RebuildTransferFunctionScriptingTraits (0ms)
			SetupTypeCache (243ms)
			ReleaseScriptCaches (0ms)
			RebuildScriptCaches (50ms)
			SetupLoadedEditorAssemblies (508ms)
				LogAssemblyErrors (0ms)
				InitializePlatformSupportModulesInManaged (12ms)
				SetLoadedEditorAssemblies (0ms)
				RefreshPlugins (134ms)
				BeforeProcessingInitializeOnLoad (2ms)
				ProcessInitializeOnLoadAttributes (249ms)
				ProcessInitializeOnLoadMethodAttributes (111ms)
				AfterProcessingInitializeOnLoad (0ms)
				EditorAssembliesLoaded (0ms)
			ExecutionOrderSort2 (0ms)
			AwakeInstancesAfterBackupRestoration (0ms)
Platform modules already initialized, skipping
Registering precompiled user dll's ...
Registered in 0.013182 seconds.
Begin MonoManager ReloadAssembly
Symbol file LoadedFromMemory doesn't match image C:\Users\jhein\Ungeared\Library\PackageCache\com.unity.visualscripting@1.7.8\Editor\VisualScripting.Core\Dependencies\YamlDotNet\Unity.VisualScripting.YamlDotNet.dll
Symbol file LoadedFromMemory doesn't match image C:\Users\jhein\Ungeared\Library\PackageCache\com.unity.visualscripting@1.7.8\Editor\VisualScripting.Core\Dependencies\DotNetZip\Unity.VisualScripting.IonicZip.dll
Native extension for WindowsStandalone target not found
Refreshing native plugins compatible for Editor in 1.07 ms, found 3 plugins.
Preloading 0 native plugins for Editor in 0.00 ms.
Mono: successfully reloaded assembly
- Completed reload, in  1.842 seconds
Domain Reload Profiling:
	ReloadAssembly (1844ms)
		BeginReloadAssembly (179ms)
			ExecutionOrderSort (0ms)
			DisableScriptedObjects (11ms)
			BackupInstance (0ms)
			ReleaseScriptingObjects (0ms)
			CreateAndSetChildDomain (32ms)
		EndReloadAssembly (1483ms)
			LoadAssemblies (133ms)
			RebuildTransferFunctionScriptingTraits (0ms)
			SetupTypeCache (474ms)
			ReleaseScriptCaches (1ms)
			RebuildScriptCaches (111ms)
			SetupLoadedEditorAssemblies (667ms)
				LogAssemblyErrors (0ms)
				InitializePlatformSupportModulesInManaged (9ms)
				SetLoadedEditorAssemblies (1ms)
				RefreshPlugins (1ms)
				BeforeProcessingInitializeOnLoad (153ms)
				ProcessInitializeOnLoadAttributes (443ms)
				ProcessInitializeOnLoadMethodAttributes (49ms)
				AfterProcessingInitializeOnLoad (12ms)
				EditorAssembliesLoaded (0ms)
			ExecutionOrderSort2 (0ms)
			AwakeInstancesAfterBackupRestoration (17ms)
Platform modules already initialized, skipping
========================================================================
Worker process is ready to serve import requests
Launched and connected shader compiler UnityShaderCompiler.exe after 0.08 seconds
Refreshing native plugins compatible for Editor in 1.33 ms, found 3 plugins.
Preloading 0 native plugins for Editor in 0.00 ms.
Unloading 3424 Unused Serialized files (Serialized files now loaded: 0)
Unloading 27 unused Assets / (113.7 KB). Loaded Objects now: 3889.
Memory consumption went from 121.6 MB to 121.5 MB.
Total: 6.182600 ms (FindLiveObjects: 0.452200 ms CreateObjectMapping: 0.395500 ms MarkObjects: 5.007700 ms  DeleteObjects: 0.318800 ms)

AssetImportParameters requested are different than current active one (requested -> active):
  custom:video-decoder-ogg-theora: a1e56fd34408186e4bbccfd4996cb3dc -> 
  custom:container-muxer-webm: aa71ff27fc2769a1b78a27578f13a17b -> 
  custom:container-demuxer-webm: 4f35f7cbe854078d1ac9338744f61a02 -> 
  custom:video-encoder-webm-vp8: eb34c28f22e8b96e1ab97ce403110664 -> 
  custom:video-codec-MediaFoundation-h265: 746d11721c4dcdbdad8f713fa42b33f4 -> 
  custom:audio-encoder-webm-vorbis: bf7c407c2cedff20999df2af8eb42d56 -> 
  custom:framework-win-MediaFoundation: 216162199b28c13a410421893ffa2e32 -> 
  custom:container-demuxer-ogg: 62fdf1f143b41e24485cea50d1cbac27 -> 
  custom:video-decoder-webm-vp8: 9c59270c3fd7afecdb556c50c9e8de78 -> 
  custom:audio-decoder-ogg-vorbis: bf7c407c2cedff20999df2af8eb42d56 -> 
========================================================================
Received Prepare
Registering precompiled user dll's ...
Registered in 0.010165 seconds.
Begin MonoManager ReloadAssembly
Symbol file LoadedFromMemory doesn't match image C:\Users\jhein\Ungeared\Library\PackageCache\com.unity.visualscripting@1.7.8\Editor\VisualScripting.Core\Dependencies\YamlDotNet\Unity.VisualScripting.YamlDotNet.dll
Symbol file LoadedFromMemory doesn't match image C:\Users\jhein\Ungeared\Library\PackageCache\com.unity.visualscripting@1.7.8\Editor\VisualScripting.Core\Dependencies\DotNetZip\Unity.VisualScripting.IonicZip.dll
Native extension for WindowsStandalone target not found
Refreshing native plugins compatible for Editor in 0.73 ms, found 3 plugins.
Preloading 0 native plugins for Editor in 0.00 ms.
Mono: successfully reloaded assembly
- Completed reload, in  1.659 seconds
Domain Reload Profiling:
	ReloadAssembly (1660ms)
		BeginReloadAssembly (218ms)
			ExecutionOrderSort (0ms)
			DisableScriptedObjects (11ms)
			BackupInstance (0ms)
			ReleaseScriptingObjects (0ms)
			CreateAndSetChildDomain (63ms)
		EndReloadAssembly (1273ms)
			LoadAssemblies (135ms)
			RebuildTransferFunctionScriptingTraits (0ms)
			SetupTypeCache (423ms)
			ReleaseScriptCaches (2ms)
			RebuildScriptCaches (61ms)
			SetupLoadedEditorAssemblies (589ms)
				LogAssemblyErrors (0ms)
				InitializePlatformSupportModulesInManaged (16ms)
				SetLoadedEditorAssemblies (1ms)
				RefreshPlugins (1ms)
				BeforeProcessingInitializeOnLoad (120ms)
				ProcessInitializeOnLoadAttributes (399ms)
				ProcessInitializeOnLoadMethodAttributes (43ms)
				AfterProcessingInitializeOnLoad (8ms)
				EditorAssembliesLoaded (0ms)
			ExecutionOrderSort2 (0ms)
			AwakeInstancesAfterBackupRestoration (11ms)
Platform modules already initialized, skipping
Refreshing native plugins compatible for Editor in 2.89 ms, found 3 plugins.
Preloading 0 native plugins for Editor in 0.00 ms.
Unloading 3406 Unused Serialized files (Serialized files now loaded: 0)
Unloading 20 unused Assets / (80.3 KB). Loaded Objects now: 3892.
Memory consumption went from 120.2 MB to 120.1 MB.
Total: 4.322300 ms (FindLiveObjects: 0.382300 ms CreateObjectMapping: 0.287100 ms MarkObjects: 3.547400 ms  DeleteObjects: 0.104400 ms)

AssetImportParameters requested are different than current active one (requested -> active):
  custom:video-decoder-ogg-theora: a1e56fd34408186e4bbccfd4996cb3dc -> 
  custom:container-muxer-webm: aa71ff27fc2769a1b78a27578f13a17b -> 
  custom:container-demuxer-webm: 4f35f7cbe854078d1ac9338744f61a02 -> 
  custom:video-encoder-webm-vp8: eb34c28f22e8b96e1ab97ce403110664 -> 
  custom:video-codec-MediaFoundation-h265: 746d11721c4dcdbdad8f713fa42b33f4 -> 
  custom:audio-encoder-webm-vorbis: bf7c407c2cedff20999df2af8eb42d56 -> 
  custom:framework-win-MediaFoundation: 216162199b28c13a410421893ffa2e32 -> 
  custom:container-demuxer-ogg: 62fdf1f143b41e24485cea50d1cbac27 -> 
  custom:video-decoder-webm-vp8: 9c59270c3fd7afecdb556c50c9e8de78 -> 
  custom:audio-decoder-ogg-vorbis: bf7c407c2cedff20999df2af8eb42d56 -> 
========================================================================
Received Prepare
Registering precompiled user dll's ...
Registered in 0.011614 seconds.
Begin MonoManager ReloadAssembly
Symbol file LoadedFromMemory doesn't match image C:\Users\jhein\Ungeared\Library\PackageCache\com.unity.visualscripting@1.7.8\Editor\VisualScripting.Core\Dependencies\YamlDotNet\Unity.VisualScripting.YamlDotNet.dll
Symbol file LoadedFromMemory doesn't match image C:\Users\jhein\Ungeared\Library\PackageCache\com.unity.visualscripting@1.7.8\Editor\VisualScripting.Core\Dependencies\DotNetZip\Unity.VisualScripting.IonicZip.dll
Native extension for WindowsStandalone target not found
Refreshing native plugins compatible for Editor in 1.67 ms, found 3 plugins.
Preloading 0 native plugins for Editor in 0.00 ms.
Mono: successfully reloaded assembly
- Completed reload, in  2.972 seconds
Domain Reload Profiling:
	ReloadAssembly (2973ms)
		BeginReloadAssembly (205ms)
			ExecutionOrderSort (0ms)
			DisableScriptedObjects (8ms)
			BackupInstance (0ms)
			ReleaseScriptingObjects (0ms)
			CreateAndSetChildDomain (57ms)
		EndReloadAssembly (2537ms)
			LoadAssemblies (197ms)
			RebuildTransferFunctionScriptingTraits (0ms)
			SetupTypeCache (964ms)
			ReleaseScriptCaches (5ms)
			RebuildScriptCaches (132ms)
			SetupLoadedEditorAssemblies (1015ms)
				LogAssemblyErrors (0ms)
				InitializePlatformSupportModulesInManaged (32ms)
				SetLoadedEditorAssemblies (1ms)
				RefreshPlugins (2ms)
				BeforeProcessingInitializeOnLoad (186ms)
				ProcessInitializeOnLoadAttributes (694ms)
				ProcessInitializeOnLoadMethodAttributes (80ms)
				AfterProcessingInitializeOnLoad (19ms)
				EditorAssembliesLoaded (0ms)
			ExecutionOrderSort2 (0ms)
			AwakeInstancesAfterBackupRestoration (26ms)
Platform modules already initialized, skipping
Refreshing native plugins compatible for Editor in 6.09 ms, found 3 plugins.
Preloading 0 native plugins for Editor in 0.00 ms.
Unloading 3406 Unused Serialized files (Serialized files now loaded: 0)
Unloading 20 unused Assets / (80.3 KB). Loaded Objects now: 3895.
Memory consumption went from 120.2 MB to 120.1 MB.
Total: 7.478500 ms (FindLiveObjects: 0.673700 ms CreateObjectMapping: 0.353700 ms MarkObjects: 6.240600 ms  DeleteObjects: 0.204800 ms)

AssetImportParameters requested are different than current active one (requested -> active):
  custom:video-decoder-ogg-theora: a1e56fd34408186e4bbccfd4996cb3dc -> 
  custom:container-muxer-webm: aa71ff27fc2769a1b78a27578f13a17b -> 
  custom:container-demuxer-webm: 4f35f7cbe854078d1ac9338744f61a02 -> 
  custom:video-encoder-webm-vp8: eb34c28f22e8b96e1ab97ce403110664 -> 
  custom:video-codec-MediaFoundation-h265: 746d11721c4dcdbdad8f713fa42b33f4 -> 
  custom:audio-encoder-webm-vorbis: bf7c407c2cedff20999df2af8eb42d56 -> 
  custom:framework-win-MediaFoundation: 216162199b28c13a410421893ffa2e32 -> 
  custom:container-demuxer-ogg: 62fdf1f143b41e24485cea50d1cbac27 -> 
  custom:video-decoder-webm-vp8: 9c59270c3fd7afecdb556c50c9e8de78 -> 
  custom:audio-decoder-ogg-vorbis: bf7c407c2cedff20999df2af8eb42d56 -> 
========================================================================
Received Prepare
Registering precompiled user dll's ...
Registered in 0.008641 seconds.
Begin MonoManager ReloadAssembly
Symbol file LoadedFromMemory doesn't match image C:\Users\jhein\Ungeared\Library\PackageCache\com.unity.visualscripting@1.7.8\Editor\VisualScripting.Core\Dependencies\YamlDotNet\Unity.VisualScripting.YamlDotNet.dll
Symbol file LoadedFromMemory doesn't match image C:\Users\jhein\Ungeared\Library\PackageCache\com.unity.visualscripting@1.7.8\Editor\VisualScripting.Core\Dependencies\DotNetZip\Unity.VisualScripting.IonicZip.dll
Native extension for WindowsStandalone target not found
Refreshing native plugins compatible for Editor in 4.26 ms, found 3 plugins.
Preloading 0 native plugins for Editor in 0.00 ms.
Mono: successfully reloaded assembly
- Completed reload, in  3.401 seconds
Domain Reload Profiling:
	ReloadAssembly (3403ms)
		BeginReloadAssembly (291ms)
			ExecutionOrderSort (0ms)
			DisableScriptedObjects (10ms)
			BackupInstance (0ms)
			ReleaseScriptingObjects (0ms)
			CreateAndSetChildDomain (81ms)
		EndReloadAssembly (2762ms)
			LoadAssemblies (236ms)
			RebuildTransferFunctionScriptingTraits (0ms)
			SetupTypeCache (933ms)
			ReleaseScriptCaches (7ms)
			RebuildScriptCaches (173ms)
			SetupLoadedEditorAssemblies (1227ms)
				LogAssemblyErrors (0ms)
				InitializePlatformSupportModulesInManaged (42ms)
				SetLoadedEditorAssemblies (1ms)
				RefreshPlugins (5ms)
				BeforeProcessingInitializeOnLoad (238ms)
				ProcessInitializeOnLoadAttributes (822ms)
				ProcessInitializeOnLoadMethodAttributes (98ms)
				AfterProcessingInitializeOnLoad (20ms)
				EditorAssembliesLoaded (1ms)
			ExecutionOrderSort2 (0ms)
			AwakeInstancesAfterBackupRestoration (30ms)
Platform modules already initialized, skipping
Refreshing native plugins compatible for Editor in 7.41 ms, found 3 plugins.
Preloading 0 native plugins for Editor in 0.00 ms.
Unloading 3406 Unused Serialized files (Serialized files now loaded: 0)
Unloading 20 unused Assets / (80.5 KB). Loaded Objects now: 3898.
Memory consumption went from 120.2 MB to 120.2 MB.
Total: 8.498500 ms (FindLiveObjects: 0.856700 ms CreateObjectMapping: 0.542100 ms MarkObjects: 6.623500 ms  DeleteObjects: 0.473000 ms)

AssetImportParameters requested are different than current active one (requested -> active):
  custom:video-decoder-ogg-theora: a1e56fd34408186e4bbccfd4996cb3dc -> 
  custom:container-muxer-webm: aa71ff27fc2769a1b78a27578f13a17b -> 
  custom:container-demuxer-webm: 4f35f7cbe854078d1ac9338744f61a02 -> 
  custom:video-encoder-webm-vp8: eb34c28f22e8b96e1ab97ce403110664 -> 
  custom:video-codec-MediaFoundation-h265: 746d11721c4dcdbdad8f713fa42b33f4 -> 
  custom:audio-encoder-webm-vorbis: bf7c407c2cedff20999df2af8eb42d56 -> 
  custom:framework-win-MediaFoundation: 216162199b28c13a410421893ffa2e32 -> 
  custom:container-demuxer-ogg: 62fdf1f143b41e24485cea50d1cbac27 -> 
  custom:video-decoder-webm-vp8: 9c59270c3fd7afecdb556c50c9e8de78 -> 
  custom:audio-decoder-ogg-vorbis: bf7c407c2cedff20999df2af8eb42d56 -> 
========================================================================
Received Import Request.
  Time since last request: 59219.176440 seconds.
  path: Assets/Textures/GroundTextures/RightRoom 1.mat
  artifactKey: Guid(d55e10a691e369045bb84cc0879588c3) Importer(815301076,1909f56bfc062723c751e8b465ee728b)
Start importing Assets/Textures/GroundTextures/RightRoom 1.mat using Guid(d55e10a691e369045bb84cc0879588c3) Importer(815301076,1909f56bfc062723c751e8b465ee728b)  -> (artifact id: '905ab6ef7b012150453eaf539a0307c0') in 0.252259 seconds 
========================================================================
Received Import Request.
  Time since last request: 8.876580 seconds.
  path: Assets/Textures/GroundTextures/StairWalls.mat
  artifactKey: Guid(d55e10a691e369045bb84cc0879588c3) Importer(815301076,1909f56bfc062723c751e8b465ee728b)
Start importing Assets/Textures/GroundTextures/StairWalls.mat using Guid(d55e10a691e369045bb84cc0879588c3) Importer(815301076,1909f56bfc062723c751e8b465ee728b)  -> (artifact id: '221a403c43451adb9505179b406e3ed5') in 0.035338 seconds 
========================================================================
Received Import Request.
  Time since last request: 26.362602 seconds.
  path: Assets/Textures/GroundTextures/M_YFMM_31.mat
  artifactKey: Guid(aea4d8ec3b218204aa281e366358a4cb) Importer(815301076,1909f56bfc062723c751e8b465ee728b)
Start importing Assets/Textures/GroundTextures/M_YFMM_31.mat using Guid(aea4d8ec3b218204aa281e366358a4cb) Importer(815301076,1909f56bfc062723c751e8b465ee728b)  -> (artifact id: '97e903dfb545cd188f53d6721996aadc') in 0.030605 seconds 
========================================================================
Received Import Request.
  Time since last request: 10.152024 seconds.
  path: Assets/Textures/GroundTextures/StairWalls.mat
  artifactKey: Guid(aea4d8ec3b218204aa281e366358a4cb) Importer(815301076,1909f56bfc062723c751e8b465ee728b)
Start importing Assets/Textures/GroundTextures/StairWalls.mat using Guid(aea4d8ec3b218204aa281e366358a4cb) Importer(815301076,1909f56bfc062723c751e8b465ee728b)  -> (artifact id: 'd1d3e361e5c8ec779b6e41956930c80e') in 0.025675 seconds 
========================================================================
Received Prepare
Registering precompiled user dll's ...
Registered in 0.013284 seconds.
Begin MonoManager ReloadAssembly
Symbol file LoadedFromMemory doesn't match image C:\Users\jhein\Ungeared\Library\PackageCache\com.unity.visualscripting@1.7.8\Editor\VisualScripting.Core\Dependencies\YamlDotNet\Unity.VisualScripting.YamlDotNet.dll
Symbol file LoadedFromMemory doesn't match image C:\Users\jhein\Ungeared\Library\PackageCache\com.unity.visualscripting@1.7.8\Editor\VisualScripting.Core\Dependencies\DotNetZip\Unity.VisualScripting.IonicZip.dll
Native extension for WindowsStandalone target not found
Refreshing native plugins compatible for Editor in 2.31 ms, found 3 plugins.
Preloading 0 native plugins for Editor in 0.00 ms.
Mono: successfully reloaded assembly
- Completed reload, in  3.123 seconds
Domain Reload Profiling:
	ReloadAssembly (3124ms)
		BeginReloadAssembly (246ms)
			ExecutionOrderSort (0ms)
			DisableScriptedObjects (7ms)
			BackupInstance (0ms)
			ReleaseScriptingObjects (0ms)
			CreateAndSetChildDomain (63ms)
		EndReloadAssembly (2537ms)
			LoadAssemblies (219ms)
			RebuildTransferFunctionScriptingTraits (0ms)
			SetupTypeCache (839ms)
			ReleaseScriptCaches (5ms)
			RebuildScriptCaches (154ms)
			SetupLoadedEditorAssemblies (1101ms)
				LogAssemblyErrors (0ms)
				InitializePlatformSupportModulesInManaged (45ms)
				SetLoadedEditorAssemblies (3ms)
				RefreshPlugins (2ms)
				BeforeProcessingInitializeOnLoad (187ms)
				ProcessInitializeOnLoadAttributes (755ms)
				ProcessInitializeOnLoadMethodAttributes (83ms)
				AfterProcessingInitializeOnLoad (25ms)
				EditorAssembliesLoaded (1ms)
			ExecutionOrderSort2 (0ms)
			AwakeInstancesAfterBackupRestoration (29ms)
Platform modules already initialized, skipping
Refreshing native plugins compatible for Editor in 4.55 ms, found 3 plugins.
Preloading 0 native plugins for Editor in 0.00 ms.
Unloading 3406 Unused Serialized files (Serialized files now loaded: 0)
Unloading 20 unused Assets / (80.4 KB). Loaded Objects now: 3942.
Memory consumption went from 124.9 MB to 124.8 MB.
Total: 12.707400 ms (FindLiveObjects: 2.868900 ms CreateObjectMapping: 1.077100 ms MarkObjects: 8.552100 ms  DeleteObjects: 0.207100 ms)

AssetImportParameters requested are different than current active one (requested -> active):
  custom:video-decoder-ogg-theora: a1e56fd34408186e4bbccfd4996cb3dc -> 
  custom:container-muxer-webm: aa71ff27fc2769a1b78a27578f13a17b -> 
  custom:container-demuxer-webm: 4f35f7cbe854078d1ac9338744f61a02 -> 
  custom:video-encoder-webm-vp8: eb34c28f22e8b96e1ab97ce403110664 -> 
  custom:video-codec-MediaFoundation-h265: 746d11721c4dcdbdad8f713fa42b33f4 -> 
  custom:audio-encoder-webm-vorbis: bf7c407c2cedff20999df2af8eb42d56 -> 
  custom:framework-win-MediaFoundation: 216162199b28c13a410421893ffa2e32 -> 
  custom:container-demuxer-ogg: 62fdf1f143b41e24485cea50d1cbac27 -> 
  custom:video-decoder-webm-vp8: 9c59270c3fd7afecdb556c50c9e8de78 -> 
  custom:audio-decoder-ogg-vorbis: bf7c407c2cedff20999df2af8eb42d56 -> 
========================================================================
Received Import Request.
  Time since last request: 931.181982 seconds.
  path: Assets/Prefab/PlayerBullet.prefab
  artifactKey: Guid(840b87288450b0442858eee12182ddbb) Importer(815301076,1909f56bfc062723c751e8b465ee728b)
Start importing Assets/Prefab/PlayerBullet.prefab using Guid(840b87288450b0442858eee12182ddbb) Importer(815301076,1909f56bfc062723c751e8b465ee728b)  -> (artifact id: 'c0cefbb60954f2660a6cadc9ca967d23') in 0.171053 seconds 
========================================================================
Received Import Request.
  Time since last request: 14.489954 seconds.
  path: Assets/Prefab/GunBullet 1.prefab
  artifactKey: Guid(138483276c48208419b80d0f8e3a475f) Importer(815301076,1909f56bfc062723c751e8b465ee728b)
Start importing Assets/Prefab/GunBullet 1.prefab using Guid(138483276c48208419b80d0f8e3a475f) Importer(815301076,1909f56bfc062723c751e8b465ee728b)  -> (artifact id: '1c0fa1ea93b6a83f6e49a285f893227b') in 0.019420 seconds 
========================================================================
Received Import Request.
  Time since last request: 9.311031 seconds.
  path: Assets/Prefab/GunBullet 15dmg.prefab
  artifactKey: Guid(138483276c48208419b80d0f8e3a475f) Importer(815301076,1909f56bfc062723c751e8b465ee728b)
Start importing Assets/Prefab/GunBullet 15dmg.prefab using Guid(138483276c48208419b80d0f8e3a475f) Importer(815301076,1909f56bfc062723c751e8b465ee728b)  -> (artifact id: 'a1f0462c8f6f0821293d1cdad015a8a1') in 0.023315 seconds 
========================================================================
Received Import Request.
  Time since last request: 107.355217 seconds.
  path: Assets/Models/Turret/Gun_2.fbx
  artifactKey: Guid(16d680e182214dc499e37615d29c06b0) Importer(815301076,1909f56bfc062723c751e8b465ee728b)
Start importing Assets/Models/Turret/Gun_2.fbx using Guid(16d680e182214dc499e37615d29c06b0) Importer(815301076,1909f56bfc062723c751e8b465ee728b)  -> (artifact id: '2e0abffe825f1ce438508d018da20d33') in 0.091089 seconds 
========================================================================
Received Import Request.
  Time since last request: 1.397363 seconds.
  path: Assets/Models/Turret/Gun_2
  artifactKey: Guid(1f03465b0fdf8b14a9232c737b042493) Importer(815301076,1909f56bfc062723c751e8b465ee728b)
Start importing Assets/Models/Turret/Gun_2 using Guid(1f03465b0fdf8b14a9232c737b042493) Importer(815301076,1909f56bfc062723c751e8b465ee728b)  -> (artifact id: '157333669820799fa9eab033bbf98f76') in 0.006729 seconds 
========================================================================
Received Import Request.
  Time since last request: 11.416980 seconds.
  path: Assets/Models/Materials/Primary weapon.mat
  artifactKey: Guid(de654a17fa583a245ab090682d7cd4e9) Importer(815301076,1909f56bfc062723c751e8b465ee728b)
Start importing Assets/Models/Materials/Primary weapon.mat using Guid(de654a17fa583a245ab090682d7cd4e9) Importer(815301076,1909f56bfc062723c751e8b465ee728b)  -> (artifact id: '9f0215f4b7ca2b25db4a9877def6062a') in 0.036234 seconds 
========================================================================
Received Import Request.
  Time since last request: 12.030607 seconds.
  path: Assets/Textures/GunColors
  artifactKey: Guid(fd11d71dd5376c74c96fca14fc50f87b) Importer(815301076,1909f56bfc062723c751e8b465ee728b)
Start importing Assets/Textures/GunColors using Guid(fd11d71dd5376c74c96fca14fc50f87b) Importer(815301076,1909f56bfc062723c751e8b465ee728b)  -> (artifact id: '5fd59136413f6cfc7d262fdb44cef052') in 0.010938 seconds 
========================================================================
Received Import Request.
  Time since last request: 3.233319 seconds.
  path: Assets/Textures/GunColors/Gun_2VRay1.tif
  artifactKey: Guid(c63d37225acec3147b6c6e2243f833bd) Importer(815301076,1909f56bfc062723c751e8b465ee728b)
Start importing Assets/Textures/GunColors/Gun_2VRay1.tif using Guid(c63d37225acec3147b6c6e2243f833bd) Importer(815301076,1909f56bfc062723c751e8b465ee728b)  -> (artifact id: 'f87b6c53f5e058150242197616b45d91') in 0.036642 seconds 
========================================================================
Received Import Request.
  Time since last request: 42.257791 seconds.
  path: Assets/Textures/GunColors/Gun_2VRay1 1.tif
  artifactKey: Guid(a04d7e897d137aa4fbc589f08801bc77) Importer(815301076,1909f56bfc062723c751e8b465ee728b)
Start importing Assets/Textures/GunColors/Gun_2VRay1 1.tif using Guid(a04d7e897d137aa4fbc589f08801bc77) Importer(815301076,1909f56bfc062723c751e8b465ee728b)  -> (artifact id: 'bbd0ed0f1bafa2e7214364fd83c63818') in 0.019471 seconds 
========================================================================
Received Import Request.
  Time since last request: 4.730767 seconds.
  path: Assets/Textures/GunColors/new.tif
  artifactKey: Guid(a04d7e897d137aa4fbc589f08801bc77) Importer(815301076,1909f56bfc062723c751e8b465ee728b)
Start importing Assets/Textures/GunColors/new.tif using Guid(a04d7e897d137aa4fbc589f08801bc77) Importer(815301076,1909f56bfc062723c751e8b465ee728b)  -> (artifact id: '0145ac022e62a2f32de523fee2aa5457') in 0.026396 seconds 
========================================================================
Received Import Request.
  Time since last request: 40.986007 seconds.
  path: Assets/Models/Turret/Gun_2.fbx
  artifactKey: Guid(16d680e182214dc499e37615d29c06b0) Importer(815301076,1909f56bfc062723c751e8b465ee728b)
Start importing Assets/Models/Turret/Gun_2.fbx using Guid(16d680e182214dc499e37615d29c06b0) Importer(815301076,1909f56bfc062723c751e8b465ee728b)  -> (artifact id: 'a37b85882ad884475f082d82c56af7b7') in 0.034020 seconds 
========================================================================
Received Import Request.
  Time since last request: 5.677859 seconds.
  path: Assets/Models/Turret/Materials
  artifactKey: Guid(6ae96836c317d334f85b7d2963752bc3) Importer(815301076,1909f56bfc062723c751e8b465ee728b)
Start importing Assets/Models/Turret/Materials using Guid(6ae96836c317d334f85b7d2963752bc3) Importer(815301076,1909f56bfc062723c751e8b465ee728b)  -> (artifact id: 'aeac71c2ccd4faca72e06e15bdf104ec') in 0.014960 seconds 
========================================================================
Received Import Request.
  Time since last request: 13.324476 seconds.
  path: Assets/Prefab/Gun.prefab
  artifactKey: Guid(f2d7f1750c806834e897f80938a28d35) Importer(815301076,1909f56bfc062723c751e8b465ee728b)
Start importing Assets/Prefab/Gun.prefab using Guid(f2d7f1750c806834e897f80938a28d35) Importer(815301076,1909f56bfc062723c751e8b465ee728b)  -> (artifact id: '2c8bd2daace5a04f765575d99073b518') in 0.023316 seconds 
========================================================================
Received Import Request.
  Time since last request: 4.948153 seconds.
  path: Assets/Textures/GunColors/Gun_2VRay1.mat
  artifactKey: Guid(d170cf87539ddf94a879fe7bc15c090c) Importer(815301076,1909f56bfc062723c751e8b465ee728b)
Start importing Assets/Textures/GunColors/Gun_2VRay1.mat using Guid(d170cf87539ddf94a879fe7bc15c090c) Importer(815301076,1909f56bfc062723c751e8b465ee728b)  -> (artifact id: '296b8eb53e65c8df5b6e1449a2e5e617') in 0.022701 seconds 
========================================================================
Received Import Request.
  Time since last request: 8.793641 seconds.
  path: Assets/Textures/GunColors/new.mat
  artifactKey: Guid(d170cf87539ddf94a879fe7bc15c090c) Importer(815301076,1909f56bfc062723c751e8b465ee728b)
Start importing Assets/Textures/GunColors/new.mat using Guid(d170cf87539ddf94a879fe7bc15c090c) Importer(815301076,1909f56bfc062723c751e8b465ee728b)  -> (artifact id: '13b0f1b0f2a0cc88d1e00aec32c62551') in 0.020544 seconds 
========================================================================
Received Import Request.
  Time since last request: 57.756642 seconds.
  path: Assets/Textures/GunColors/Upper1.mat
  artifactKey: Guid(d170cf87539ddf94a879fe7bc15c090c) Importer(815301076,1909f56bfc062723c751e8b465ee728b)
Start importing Assets/Textures/GunColors/Upper1.mat using Guid(d170cf87539ddf94a879fe7bc15c090c) Importer(815301076,1909f56bfc062723c751e8b465ee728b)  -> (artifact id: 'c6d8c62138fb89bea7de4a221a729186') in 0.021108 seconds 
========================================================================
Received Import Request.
  Time since last request: 4.538002 seconds.
  path: Assets/Textures/GunColors/Upper1.mat
  artifactKey: Guid(d170cf87539ddf94a879fe7bc15c090c) Importer(815301076,1909f56bfc062723c751e8b465ee728b)
Start importing Assets/Textures/GunColors/Upper1.mat using Guid(d170cf87539ddf94a879fe7bc15c090c) Importer(815301076,1909f56bfc062723c751e8b465ee728b)  -> (artifact id: '6f17a51a3675da86fb5d8c20d62b8650') in 0.020637 seconds 
